# JRE version: Java(TM) SE Runtime Environment (8.0_431) (build 1.8.0_431-b10)
# Java VM: Java HotSpot(TM) 64-Bit Server VM (25.431-b10 mixed mode windows-amd64 compressed oops)
Heap:
 PSYoungGen      total 45056K, used 29265K [0x00000000f0000000, 0x00000000f3800000, 0x0000000100000000)
  eden space 32768K, 81% used [0x00000000f0000000,0x00000000f1a185e0,0x00000000f2000000)
  from space 12288K, 20% used [0x00000000f2c00000,0x00000000f2e7c050,0x00000000f3800000)
  to   space 12288K, 0% used [0x00000000f2000000,0x00000000f2000000,0x00000000f2c00000)
 ParOldGen       total 44032K, used 15251K [0x00000000d0000000, 0x00000000d2b00000, 0x00000000f0000000)
  object space 44032K, 34% used [0x00000000d0000000,0x00000000d0ee4ce8,0x00000000d2b00000)
 Metaspace       used 17912K, capacity 18222K, committed 18432K, reserved 1064960K
  class space    used 2218K, capacity 2304K, committed 2304K, reserved 1048576K
GC Heap History (10 events):
Event: 17.839 GC heap before
{Heap before GC invocations=2 (full 0):
 PSYoungGen      total 18944K, used 18938K [0x00000000f0000000, 0x00000000f1500000, 0x0000000100000000)
  eden space 16384K, 100% used [0x00000000f0000000,0x00000000f1000000,0x00000000f1000000)
  from space 2560K, 99% used [0x00000000f1000000,0x00000000f127e980,0x00000000f1280000)
  to   space 2560K, 0% used [0x00000000f1280000,0x00000000f1280000,0x00000000f1500000)
 ParOldGen       total 44032K, used 891K [0x00000000d0000000, 0x00000000d2b00000, 0x00000000f0000000)
  object space 44032K, 2% used [0x00000000d0000000,0x00000000d00ded58,0x00000000d2b00000)
 Metaspace       used 12842K, capacity 13040K, committed 13312K, reserved 1060864K
  class space    used 1630K, capacity 1717K, committed 1792K, reserved 1048576K
Event: 17.887 GC heap after
Heap after GC invocations=2 (full 0):
 PSYoungGen      total 18944K, used 2554K [0x00000000f0000000, 0x00000000f1500000, 0x0000000100000000)
  eden space 16384K, 0% used [0x00000000f0000000,0x00000000f0000000,0x00000000f1000000)
  from space 2560K, 99% used [0x00000000f1280000,0x00000000f14fe9a0,0x00000000f1500000)
  to   space 2560K, 0% used [0x00000000f1000000,0x00000000f1000000,0x00000000f1280000)
 ParOldGen       total 44032K, used 3611K [0x00000000d0000000, 0x00000000d2b00000, 0x00000000f0000000)
  object space 44032K, 8% used [0x00000000d0000000,0x00000000d0386f30,0x00000000d2b00000)
 Metaspace       used 12842K, capacity 13040K, committed 13312K, reserved 1060864K
  class space    used 1630K, capacity 1717K, committed 1792K, reserved 1048576K
}
Event: 19.258 GC heap before
{Heap before GC invocations=3 (full 0):
 PSYoungGen      total 18944K, used 15957K [0x00000000f0000000, 0x00000000f1500000, 0x0000000100000000)
  eden space 16384K, 81% used [0x00000000f0000000,0x00000000f0d16cf0,0x00000000f1000000)
  from space 2560K, 99% used [0x00000000f1280000,0x00000000f14fe9a0,0x00000000f1500000)
  to   space 2560K, 0% used [0x00000000f1000000,0x00000000f1000000,0x00000000f1280000)
 ParOldGen       total 44032K, used 3611K [0x00000000d0000000, 0x00000000d2b00000, 0x00000000f0000000)
  object space 44032K, 8% used [0x00000000d0000000,0x00000000d0386f30,0x00000000d2b00000)
 Metaspace       used 16466K, capacity 16752K, committed 17152K, reserved 1064960K
  class space    used 2113K, capacity 2201K, committed 2304K, reserved 1048576K
Event: 19.264 GC heap after
Heap after GC invocations=3 (full 0):
 PSYoungGen      total 18944K, used 2544K [0x00000000f0000000, 0x00000000f1500000, 0x0000000100000000)
  eden space 16384K, 0% used [0x00000000f0000000,0x00000000f0000000,0x00000000f1000000)
  from space 2560K, 99% used [0x00000000f1000000,0x00000000f127c050,0x00000000f1280000)
  to   space 2560K, 0% used [0x00000000f1280000,0x00000000f1280000,0x00000000f1500000)
 ParOldGen       total 44032K, used 4834K [0x00000000d0000000, 0x00000000d2b00000, 0x00000000f0000000)
  object space 44032K, 10% used [0x00000000d0000000,0x00000000d04b89c0,0x00000000d2b00000)
 Metaspace       used 16466K, capacity 16752K, committed 17152K, reserved 1064960K
  class space    used 2113K, capacity 2201K, committed 2304K, reserved 1048576K
}
Event: 24.385 GC heap before
{Heap before GC invocations=4 (full 0):
 PSYoungGen      total 18944K, used 18928K [0x00000000f0000000, 0x00000000f1500000, 0x0000000100000000)
  eden space 16384K, 100% used [0x00000000f0000000,0x00000000f1000000,0x00000000f1000000)
  from space 2560K, 99% used [0x00000000f1000000,0x00000000f127c050,0x00000000f1280000)
  to   space 2560K, 0% used [0x00000000f1280000,0x00000000f1280000,0x00000000f1500000)
 ParOldGen       total 44032K, used 4834K [0x00000000d0000000, 0x00000000d2b00000, 0x00000000f0000000)
  object space 44032K, 10% used [0x00000000d0000000,0x00000000d04b89c0,0x00000000d2b00000)
 Metaspace       used 17322K, capacity 17608K, committed 17920K, reserved 1064960K
  class space    used 2212K, capacity 2271K, committed 2304K, reserved 1048576K
Event: 24.438 GC heap after
Heap after GC invocations=4 (full 0):
 PSYoungGen      total 18944K, used 2544K [0x00000000f0000000, 0x00000000f1500000, 0x0000000100000000)
  eden space 16384K, 0% used [0x00000000f0000000,0x00000000f0000000,0x00000000f1000000)
  from space 2560K, 99% used [0x00000000f1280000,0x00000000f14fc050,0x00000000f1500000)
  to   space 2560K, 0% used [0x00000000f1000000,0x00000000f1000000,0x00000000f1280000)
 ParOldGen       total 44032K, used 15251K [0x00000000d0000000, 0x00000000d2b00000, 0x00000000f0000000)
  object space 44032K, 34% used [0x00000000d0000000,0x00000000d0ee4ce8,0x00000000d2b00000)
 Metaspace       used 17322K, capacity 17608K, committed 17920K, reserved 1064960K
  class space    used 2212K, capacity 2271K, committed 2304K, reserved 1048576K
}
Event: 25.504 GC heap before
{Heap before GC invocations=5 (full 0):
 PSYoungGen      total 18944K, used 18928K [0x00000000f0000000, 0x00000000f1500000, 0x0000000100000000)
  eden space 16384K, 100% used [0x00000000f0000000,0x00000000f1000000,0x00000000f1000000)
  from space 2560K, 99% used [0x00000000f1280000,0x00000000f14fc050,0x00000000f1500000)
  to   space 2560K, 0% used [0x00000000f1000000,0x00000000f1000000,0x00000000f1280000)
 ParOldGen       total 44032K, used 15251K [0x00000000d0000000, 0x00000000d2b00000, 0x00000000f0000000)
  object space 44032K, 34% used [0x00000000d0000000,0x00000000d0ee4ce8,0x00000000d2b00000)
 Metaspace       used 17544K, capacity 17800K, committed 18176K, reserved 1064960K
  class space    used 2212K, capacity 2271K, committed 2304K, reserved 1048576K
Event: 25.587 GC heap after
Heap after GC invocations=5 (full 0):
 PSYoungGen      total 18944K, used 2544K [0x00000000f0000000, 0x00000000f3800000, 0x0000000100000000)
  eden space 16384K, 0% used [0x00000000f0000000,0x00000000f0000000,0x00000000f1000000)
  from space 2560K, 99% used [0x00000000f1000000,0x00000000f127c050,0x00000000f1280000)
  to   space 12288K, 0% used [0x00000000f2c00000,0x00000000f2c00000,0x00000000f3800000)
 ParOldGen       total 44032K, used 15251K [0x00000000d0000000, 0x00000000d2b00000, 0x00000000f0000000)
  object space 44032K, 34% used [0x00000000d0000000,0x00000000d0ee4ce8,0x00000000d2b00000)
 Metaspace       used 17544K, capacity 17800K, committed 18176K, reserved 1064960K
  class space    used 2212K, capacity 2271K, committed 2304K, reserved 1048576K
}
Event: 26.520 GC heap before
{Heap before GC invocations=6 (full 0):
 PSYoungGen      total 18944K, used 18928K [0x00000000f0000000, 0x00000000f3800000, 0x0000000100000000)
  eden space 16384K, 100% used [0x00000000f0000000,0x00000000f1000000,0x00000000f1000000)
  from space 2560K, 99% used [0x00000000f1000000,0x00000000f127c050,0x00000000f1280000)
  to   space 12288K, 0% used [0x00000000f2c00000,0x00000000f2c00000,0x00000000f3800000)
 ParOldGen       total 44032K, used 15251K [0x00000000d0000000, 0x00000000d2b00000, 0x00000000f0000000)
  object space 44032K, 34% used [0x00000000d0000000,0x00000000d0ee4ce8,0x00000000d2b00000)
 Metaspace       used 17544K, capacity 17800K, committed 18176K, reserved 1064960K
  class space    used 2212K, capacity 2271K, committed 2304K, reserved 1048576K
Event: 26.583 GC heap after
Heap after GC invocations=6 (full 0):
 PSYoungGen      total 45056K, used 2544K [0x00000000f0000000, 0x00000000f3800000, 0x0000000100000000)
  eden space 32768K, 0% used [0x00000000f0000000,0x00000000f0000000,0x00000000f2000000)
  from space 12288K, 20% used [0x00000000f2c00000,0x00000000f2e7c050,0x00000000f3800000)
  to   space 12288K, 0% used [0x00000000f2000000,0x00000000f2000000,0x00000000f2c00000)
 ParOldGen       total 44032K, used 15251K [0x00000000d0000000, 0x00000000d2b00000, 0x00000000f0000000)
  object space 44032K, 34% used [0x00000000d0000000,0x00000000d0ee4ce8,0x00000000d2b00000)
 Metaspace       used 17544K, capacity 17800K, committed 18176K, reserved 1064960K
  class space    used 2212K, capacity 2271K, committed 2304K, reserved 1048576K
}

